<?xml version="1.0" encoding="UTF-8"?>
<!-- Generated by org.testng.reporters.JUnitReportReporter -->
<testsuite skipped="0" hostname="LP000452" name="com.epam.reportportal.example.testng.log4j.logging.LuckyPugTest" tests="1" failures="0" timestamp="2020-04-26T18:25:05 IST" time="2.735" errors="0">
  <testcase name="logImageBase64" time="2.735" classname="com.epam.reportportal.example.testng.log4j.logging.LuckyPugTest"/>
  <system-out/>
</testsuite> <!-- com.epam.reportportal.example.testng.log4j.logging.LuckyPugTest -->
