<?xml version="1.0" encoding="UTF-8"?>
<!-- Generated by org.testng.reporters.JUnitReportReporter -->
<testsuite skipped="0" hostname="LP000452" name="client.crm.Release1.Tests.LoginTest" tests="1" failures="0" timestamp="2020-04-30T11:06:24 IST" time="7.210" errors="0">
  <testcase name="loginCRMTest" time="7.210" classname="client.crm.Release1.Tests.LoginTest"/>
  <system-out/>
</testsuite> <!-- client.crm.Release1.Tests.LoginTest -->
